<?xml version="1.0" encoding="UTF-8"?>
<testng-results ignored="0" total="1" passed="1" failed="0" skipped="0">
  <reporter-output>
  </reporter-output>
  <suite started-at="2022-09-30T14:20:16 IST" name="Default suite" finished-at="2022-09-30T14:20:21 IST" duration-ms="5189">
    <groups>
    </groups>
    <test started-at="2022-09-30T14:20:16 IST" name="Default test" finished-at="2022-09-30T14:20:21 IST" duration-ms="5189">
      <class name="com.samples.FacebookLogin">
        <test-method is-config="true" signature="beforeMethod()[pri:0, instance:com.samples.FacebookLogin@71238fc2]" started-at="2022-09-30T14:20:16 IST" name="beforeMethod" finished-at="2022-09-30T14:20:18 IST" duration-ms="2067" status="PASS">
          <reporter-output>
          </reporter-output>
        </test-method> <!-- beforeMethod -->
        <test-method signature="facebook()[pri:0, instance:com.samples.FacebookLogin@71238fc2]" started-at="2022-09-30T14:20:18 IST" name="facebook" finished-at="2022-09-30T14:20:21 IST" duration-ms="3084" status="PASS">
          <reporter-output>
          </reporter-output>
        </test-method> <!-- facebook -->
        <test-method is-config="true" signature="afterMethod()[pri:0, instance:com.samples.FacebookLogin@71238fc2]" started-at="2022-09-30T14:20:21 IST" name="afterMethod" finished-at="2022-09-30T14:20:21 IST" duration-ms="0" status="PASS">
          <reporter-output>
          </reporter-output>
        </test-method> <!-- afterMethod -->
      </class> <!-- com.samples.FacebookLogin -->
    </test> <!-- Default test -->
  </suite> <!-- Default suite -->
</testng-results>
